Arguments: 
  /usr/local/Cellar/node/10.8.0/bin/node /usr/local/Cellar/yarn/1.9.4/libexec/bin/yarn.js

PATH: 
  /usr/local/bin:/usr/local/bin:/usr/bin:/bin:/usr/sbin:/sbin:/usr/local/share/dotnet

Yarn version: 
  1.9.4

Node version: 
  10.8.0

Platform: 
  darwin x64

Trace: 
  SyntaxError: /Users/mrkmat/VTEX/save-cart-app/node/package.json: Unexpected token } in JSON at position 691
      at JSON.parse (<anonymous>)
      at /usr/local/Cellar/yarn/1.9.4/libexec/lib/cli.js:1130:59
      at Generator.next (<anonymous>)
      at step (/usr/local/Cellar/yarn/1.9.4/libexec/lib/cli.js:92:30)
      at /usr/local/Cellar/yarn/1.9.4/libexec/lib/cli.js:103:13

npm manifest: 
  {
    "name": "vtex.savecart",
    "version": "0.0.16",
    "dependencies": {
      "@vtex/api": "^0.43.0",
      "axios": "^0.18.0",
      "bluebird": "^3.4.7",
      "co-body": "^6.0.0",
      "fs-extra": "^7.0.0",
      "koa-bodyparser": "^4.2.1",
      "koa-compose": "^4.0.0",
      "node-fetch": "2.2.0",
      "ramda": "^0.25.0",
      "ts-node": "^7.0.1",
      "typescript": "^3.0.1",
      "util": "^0.11.0"
    },
    "devDependencies": {
      "@types/bluebird": "^3.0.37",
      "@types/bluebird-global": "^3.0.1",
      "@types/koa": "^2.0.37",
      "@types/koa-compose": "^3.2.0",
      "@types/node": "^10.9.3",
      "@types/ramda": "types/npm-ramda#dist",
      "tslint": "^5.9.1",
      "tslint-config-vtex": "^2.0.0",
    },
  }

yarn manifest: 
  No manifest

Lockfile: 
  No lockfile
